<?xml version="1.0" encoding="UTF-8"?>
<testng-results skipped="0" failed="0" ignored="0" total="1" passed="1">
  <reporter-output>
  </reporter-output>
  <suite name="Default suite" duration-ms="190" started-at="2017-03-12T07:06:10Z" finished-at="2017-03-12T07:06:11Z">
    <groups>
    </groups>
    <test name="Default test" duration-ms="190" started-at="2017-03-12T07:06:10Z" finished-at="2017-03-12T07:06:11Z">
      <class name="jenkinsdemo.DemoJenkins">
        <test-method status="PASS" signature="testjenkins()[pri:0, instance:jenkinsdemo.DemoJenkins@2bcfcb]" name="testjenkins" duration-ms="40" started-at="2017-03-12T12:36:10Z" finished-at="2017-03-12T12:36:11Z">
          <reporter-output>
          </reporter-output>
        </test-method> <!-- testjenkins -->
      </class> <!-- jenkinsdemo.DemoJenkins -->
    </test> <!-- Default test -->
  </suite> <!-- Default suite -->
</testng-results>
